1588451853848	mozrunner::runner	INFO	Running command: "/Applications/Firefox.app/Contents/MacOS/firefox-bin" "-marionette" "-foreground" "-no-remote" "-profile" "/var/folders/jc/_d63k96j10l1hc8rrpdfxhn40000gn/T/rust_mozprofileTp33P4"
1588451854766	addons.webextension.doh-rollout@mozilla.org	WARN	Loading extension 'doh-rollout@mozilla.org': Reading manifest: Invalid extension permission: networkStatus
1588451855240	addons.webextension.screenshots@mozilla.org	WARN	Loading extension 'screenshots@mozilla.org': Reading manifest: Invalid extension permission: mozillaAddons
1588451855240	addons.webextension.screenshots@mozilla.org	WARN	Loading extension 'screenshots@mozilla.org': Reading manifest: Invalid extension permission: telemetry
1588451855240	addons.webextension.screenshots@mozilla.org	WARN	Loading extension 'screenshots@mozilla.org': Reading manifest: Invalid extension permission: resource://pdf.js/
1588451855240	addons.webextension.screenshots@mozilla.org	WARN	Loading extension 'screenshots@mozilla.org': Reading manifest: Invalid extension permission: about:reader*
1588451857337	Marionette	INFO	Listening on port 54570
1588451857394	Marionette	WARN	TLS certificate errors will be ignored for this session
JavaScript warning: https://ac-hcsa.maps.arcgis.com/apps/opsdashboard/assets/vendor-557b494b34c1b4f592d5f2948d530f35.js, line 2774: unreachable code after return statement
1588451968166	mozrunner::runner	INFO	Running command: "/Applications/Firefox.app/Contents/MacOS/firefox-bin" "-marionette" "-foreground" "-no-remote" "-profile" "/var/folders/jc/_d63k96j10l1hc8rrpdfxhn40000gn/T/rust_mozprofileztTxuL"
1588451969390	addons.webextension.doh-rollout@mozilla.org	WARN	Loading extension 'doh-rollout@mozilla.org': Reading manifest: Invalid extension permission: networkStatus
1588451969904	addons.webextension.screenshots@mozilla.org	WARN	Loading extension 'screenshots@mozilla.org': Reading manifest: Invalid extension permission: mozillaAddons
1588451969905	addons.webextension.screenshots@mozilla.org	WARN	Loading extension 'screenshots@mozilla.org': Reading manifest: Invalid extension permission: telemetry
1588451969905	addons.webextension.screenshots@mozilla.org	WARN	Loading extension 'screenshots@mozilla.org': Reading manifest: Invalid extension permission: resource://pdf.js/
1588451969905	addons.webextension.screenshots@mozilla.org	WARN	Loading extension 'screenshots@mozilla.org': Reading manifest: Invalid extension permission: about:reader*
1588451972535	Marionette	INFO	Listening on port 54665
1588451972648	Marionette	WARN	TLS certificate errors will be ignored for this session
1588451972952	Marionette	INFO	Stopped listening on port 54570
JavaScript warning: https://ac-hcsa.maps.arcgis.com/apps/opsdashboard/assets/vendor-557b494b34c1b4f592d5f2948d530f35.js, line 2774: unreachable code after return statement
JavaScript warning: https://ac-hcsa.maps.arcgis.com/apps/opsdashboard/assets/vendor-557b494b34c1b4f592d5f2948d530f35.js, line 2774: unreachable code after return statement
1588452500947	mozrunner::runner	INFO	Running command: "/Applications/Firefox.app/Contents/MacOS/firefox-bin" "-marionette" "-foreground" "-no-remote" "-profile" "/var/folders/jc/_d63k96j10l1hc8rrpdfxhn40000gn/T/rust_mozprofileB1alwy"
1588452501996	addons.webextension.doh-rollout@mozilla.org	WARN	Loading extension 'doh-rollout@mozilla.org': Reading manifest: Invalid extension permission: networkStatus
1588452502550	addons.webextension.screenshots@mozilla.org	WARN	Loading extension 'screenshots@mozilla.org': Reading manifest: Invalid extension permission: mozillaAddons
1588452502550	addons.webextension.screenshots@mozilla.org	WARN	Loading extension 'screenshots@mozilla.org': Reading manifest: Invalid extension permission: telemetry
1588452502550	addons.webextension.screenshots@mozilla.org	WARN	Loading extension 'screenshots@mozilla.org': Reading manifest: Invalid extension permission: resource://pdf.js/
1588452502550	addons.webextension.screenshots@mozilla.org	WARN	Loading extension 'screenshots@mozilla.org': Reading manifest: Invalid extension permission: about:reader*
1588452504780	Marionette	INFO	Listening on port 54827
1588452504841	Marionette	WARN	TLS certificate errors will be ignored for this session
JavaScript warning: https://ac-hcsa.maps.arcgis.com/apps/opsdashboard/assets/vendor-557b494b34c1b4f592d5f2948d530f35.js, line 2774: unreachable code after return statement
1588452523257	mozrunner::runner	INFO	Running command: "/Applications/Firefox.app/Contents/MacOS/firefox-bin" "-marionette" "-foreground" "-no-remote" "-profile" "/var/folders/jc/_d63k96j10l1hc8rrpdfxhn40000gn/T/rust_mozprofileZ5bzk4"
1588452524095	addons.webextension.doh-rollout@mozilla.org	WARN	Loading extension 'doh-rollout@mozilla.org': Reading manifest: Invalid extension permission: networkStatus
1588452524570	addons.webextension.screenshots@mozilla.org	WARN	Loading extension 'screenshots@mozilla.org': Reading manifest: Invalid extension permission: mozillaAddons
1588452524570	addons.webextension.screenshots@mozilla.org	WARN	Loading extension 'screenshots@mozilla.org': Reading manifest: Invalid extension permission: telemetry
1588452524570	addons.webextension.screenshots@mozilla.org	WARN	Loading extension 'screenshots@mozilla.org': Reading manifest: Invalid extension permission: resource://pdf.js/
1588452524570	addons.webextension.screenshots@mozilla.org	WARN	Loading extension 'screenshots@mozilla.org': Reading manifest: Invalid extension permission: about:reader*
1588452526634	Marionette	INFO	Listening on port 54913
1588452526664	Marionette	WARN	TLS certificate errors will be ignored for this session
JavaScript warning: https://ac-hcsa.maps.arcgis.com/apps/opsdashboard/assets/vendor-557b494b34c1b4f592d5f2948d530f35.js, line 2774: unreachable code after return statement
JavaScript warning: https://ac-hcsa.maps.arcgis.com/apps/opsdashboard/assets/vendor-557b494b34c1b4f592d5f2948d530f35.js, line 2774: unreachable code after return statement
1588452644341	mozrunner::runner	INFO	Running command: "/Applications/Firefox.app/Contents/MacOS/firefox-bin" "-marionette" "-foreground" "-no-remote" "-profile" "/var/folders/jc/_d63k96j10l1hc8rrpdfxhn40000gn/T/rust_mozprofilevFfStz"
1588452645208	addons.webextension.doh-rollout@mozilla.org	WARN	Loading extension 'doh-rollout@mozilla.org': Reading manifest: Invalid extension permission: networkStatus
1588452645657	addons.webextension.screenshots@mozilla.org	WARN	Loading extension 'screenshots@mozilla.org': Reading manifest: Invalid extension permission: mozillaAddons
1588452645657	addons.webextension.screenshots@mozilla.org	WARN	Loading extension 'screenshots@mozilla.org': Reading manifest: Invalid extension permission: telemetry
1588452645657	addons.webextension.screenshots@mozilla.org	WARN	Loading extension 'screenshots@mozilla.org': Reading manifest: Invalid extension permission: resource://pdf.js/
1588452645658	addons.webextension.screenshots@mozilla.org	WARN	Loading extension 'screenshots@mozilla.org': Reading manifest: Invalid extension permission: about:reader*
1588452648578	Marionette	INFO	Listening on port 55018
1588452648674	Marionette	WARN	TLS certificate errors will be ignored for this session
JavaScript warning: https://ac-hcsa.maps.arcgis.com/apps/opsdashboard/assets/vendor-557b494b34c1b4f592d5f2948d530f35.js, line 2774: unreachable code after return statement
JavaScript warning: https://ac-hcsa.maps.arcgis.com/apps/opsdashboard/assets/vendor-557b494b34c1b4f592d5f2948d530f35.js, line 2774: unreachable code after return statement
1588452681357	Marionette	INFO	Stopped listening on port 54665
1588452683256	Marionette	INFO	Stopped listening on port 54827
1588452685477	Marionette	INFO	Stopped listening on port 54913
1588452688478	Marionette	INFO	Stopped listening on port 55018
1588452821774	mozrunner::runner	INFO	Running command: "/Applications/Firefox.app/Contents/MacOS/firefox-bin" "-marionette" "-foreground" "-no-remote" "-profile" "/var/folders/jc/_d63k96j10l1hc8rrpdfxhn40000gn/T/rust_mozprofileokYuT1"
1588452822288	addons.webextension.doh-rollout@mozilla.org	WARN	Loading extension 'doh-rollout@mozilla.org': Reading manifest: Invalid extension permission: networkStatus
1588452822711	addons.webextension.screenshots@mozilla.org	WARN	Loading extension 'screenshots@mozilla.org': Reading manifest: Invalid extension permission: mozillaAddons
1588452822711	addons.webextension.screenshots@mozilla.org	WARN	Loading extension 'screenshots@mozilla.org': Reading manifest: Invalid extension permission: telemetry
1588452822711	addons.webextension.screenshots@mozilla.org	WARN	Loading extension 'screenshots@mozilla.org': Reading manifest: Invalid extension permission: resource://pdf.js/
1588452822711	addons.webextension.screenshots@mozilla.org	WARN	Loading extension 'screenshots@mozilla.org': Reading manifest: Invalid extension permission: about:reader*
1588452824724	Marionette	INFO	Listening on port 55128
1588452824756	Marionette	WARN	TLS certificate errors will be ignored for this session
JavaScript warning: https://ac-hcsa.maps.arcgis.com/apps/opsdashboard/assets/vendor-557b494b34c1b4f592d5f2948d530f35.js, line 2774: unreachable code after return statement
1588452940098	mozrunner::runner	INFO	Running command: "/Applications/Firefox.app/Contents/MacOS/firefox-bin" "-marionette" "-foreground" "-no-remote" "-profile" "/var/folders/jc/_d63k96j10l1hc8rrpdfxhn40000gn/T/rust_mozprofilej3y2c3"
1588452940911	addons.webextension.doh-rollout@mozilla.org	WARN	Loading extension 'doh-rollout@mozilla.org': Reading manifest: Invalid extension permission: networkStatus
1588452941438	addons.webextension.screenshots@mozilla.org	WARN	Loading extension 'screenshots@mozilla.org': Reading manifest: Invalid extension permission: mozillaAddons
1588452941438	addons.webextension.screenshots@mozilla.org	WARN	Loading extension 'screenshots@mozilla.org': Reading manifest: Invalid extension permission: telemetry
1588452941438	addons.webextension.screenshots@mozilla.org	WARN	Loading extension 'screenshots@mozilla.org': Reading manifest: Invalid extension permission: resource://pdf.js/
1588452941438	addons.webextension.screenshots@mozilla.org	WARN	Loading extension 'screenshots@mozilla.org': Reading manifest: Invalid extension permission: about:reader*
1588452943551	Marionette	INFO	Listening on port 55207
1588452943585	Marionette	WARN	TLS certificate errors will be ignored for this session
JavaScript warning: https://ac-hcsa.maps.arcgis.com/apps/opsdashboard/assets/vendor-557b494b34c1b4f592d5f2948d530f35.js, line 2774: unreachable code after return statement
JavaScript warning: https://ac-hcsa.maps.arcgis.com/apps/opsdashboard/assets/vendor-557b494b34c1b4f592d5f2948d530f35.js, line 2774: unreachable code after return statement
1588453127627	mozrunner::runner	INFO	Running command: "/Applications/Firefox.app/Contents/MacOS/firefox-bin" "-marionette" "-foreground" "-no-remote" "-profile" "/var/folders/jc/_d63k96j10l1hc8rrpdfxhn40000gn/T/rust_mozprofileML3LAW"
1588453128312	addons.webextension.doh-rollout@mozilla.org	WARN	Loading extension 'doh-rollout@mozilla.org': Reading manifest: Invalid extension permission: networkStatus
1588453128779	addons.webextension.screenshots@mozilla.org	WARN	Loading extension 'screenshots@mozilla.org': Reading manifest: Invalid extension permission: mozillaAddons
1588453128779	addons.webextension.screenshots@mozilla.org	WARN	Loading extension 'screenshots@mozilla.org': Reading manifest: Invalid extension permission: telemetry
1588453128780	addons.webextension.screenshots@mozilla.org	WARN	Loading extension 'screenshots@mozilla.org': Reading manifest: Invalid extension permission: resource://pdf.js/
1588453128780	addons.webextension.screenshots@mozilla.org	WARN	Loading extension 'screenshots@mozilla.org': Reading manifest: Invalid extension permission: about:reader*
1588453130880	Marionette	INFO	Listening on port 55321
1588453130943	Marionette	WARN	TLS certificate errors will be ignored for this session
JavaScript warning: https://ac-hcsa.maps.arcgis.com/apps/opsdashboard/assets/vendor-557b494b34c1b4f592d5f2948d530f35.js, line 2774: unreachable code after return statement
1588453168048	Marionette	INFO	Stopped listening on port 55128
1588453170464	Marionette	INFO	Stopped listening on port 55207
1588453173099	Marionette	INFO	Stopped listening on port 55321
1588453235056	mozrunner::runner	INFO	Running command: "/Applications/Firefox.app/Contents/MacOS/firefox-bin" "-marionette" "-foreground" "-no-remote" "-profile" "/var/folders/jc/_d63k96j10l1hc8rrpdfxhn40000gn/T/rust_mozprofileaFaV4T"
1588453235648	addons.webextension.doh-rollout@mozilla.org	WARN	Loading extension 'doh-rollout@mozilla.org': Reading manifest: Invalid extension permission: networkStatus
1588453236085	addons.webextension.screenshots@mozilla.org	WARN	Loading extension 'screenshots@mozilla.org': Reading manifest: Invalid extension permission: mozillaAddons
1588453236085	addons.webextension.screenshots@mozilla.org	WARN	Loading extension 'screenshots@mozilla.org': Reading manifest: Invalid extension permission: telemetry
1588453236085	addons.webextension.screenshots@mozilla.org	WARN	Loading extension 'screenshots@mozilla.org': Reading manifest: Invalid extension permission: resource://pdf.js/
1588453236085	addons.webextension.screenshots@mozilla.org	WARN	Loading extension 'screenshots@mozilla.org': Reading manifest: Invalid extension permission: about:reader*
1588453238072	Marionette	INFO	Listening on port 55400
1588453238154	Marionette	WARN	TLS certificate errors will be ignored for this session
JavaScript warning: https://ac-hcsa.maps.arcgis.com/apps/opsdashboard/assets/vendor-557b494b34c1b4f592d5f2948d530f35.js, line 2774: unreachable code after return statement
1588453387395	mozrunner::runner	INFO	Running command: "/Applications/Firefox.app/Contents/MacOS/firefox-bin" "-marionette" "-foreground" "-no-remote" "-profile" "/var/folders/jc/_d63k96j10l1hc8rrpdfxhn40000gn/T/rust_mozprofileqw1xsG"
1588453388155	addons.webextension.doh-rollout@mozilla.org	WARN	Loading extension 'doh-rollout@mozilla.org': Reading manifest: Invalid extension permission: networkStatus
1588453388740	addons.webextension.screenshots@mozilla.org	WARN	Loading extension 'screenshots@mozilla.org': Reading manifest: Invalid extension permission: mozillaAddons
1588453388741	addons.webextension.screenshots@mozilla.org	WARN	Loading extension 'screenshots@mozilla.org': Reading manifest: Invalid extension permission: telemetry
1588453388741	addons.webextension.screenshots@mozilla.org	WARN	Loading extension 'screenshots@mozilla.org': Reading manifest: Invalid extension permission: resource://pdf.js/
1588453388741	addons.webextension.screenshots@mozilla.org	WARN	Loading extension 'screenshots@mozilla.org': Reading manifest: Invalid extension permission: about:reader*
1588453391109	Marionette	INFO	Listening on port 55484
1588453391177	Marionette	WARN	TLS certificate errors will be ignored for this session
JavaScript warning: https://ac-hcsa.maps.arcgis.com/apps/opsdashboard/assets/vendor-557b494b34c1b4f592d5f2948d530f35.js, line 2774: unreachable code after return statement
1588453474904	mozrunner::runner	INFO	Running command: "/Applications/Firefox.app/Contents/MacOS/firefox-bin" "-marionette" "-foreground" "-no-remote" "-profile" "/var/folders/jc/_d63k96j10l1hc8rrpdfxhn40000gn/T/rust_mozprofilepX1e2Y"
1588453475529	addons.webextension.doh-rollout@mozilla.org	WARN	Loading extension 'doh-rollout@mozilla.org': Reading manifest: Invalid extension permission: networkStatus
1588453476016	addons.webextension.screenshots@mozilla.org	WARN	Loading extension 'screenshots@mozilla.org': Reading manifest: Invalid extension permission: mozillaAddons
1588453476016	addons.webextension.screenshots@mozilla.org	WARN	Loading extension 'screenshots@mozilla.org': Reading manifest: Invalid extension permission: telemetry
1588453476016	addons.webextension.screenshots@mozilla.org	WARN	Loading extension 'screenshots@mozilla.org': Reading manifest: Invalid extension permission: resource://pdf.js/
1588453476016	addons.webextension.screenshots@mozilla.org	WARN	Loading extension 'screenshots@mozilla.org': Reading manifest: Invalid extension permission: about:reader*
1588453478231	Marionette	INFO	Listening on port 55575
1588453478290	Marionette	WARN	TLS certificate errors will be ignored for this session
JavaScript warning: https://ac-hcsa.maps.arcgis.com/apps/opsdashboard/assets/vendor-557b494b34c1b4f592d5f2948d530f35.js, line 2774: unreachable code after return statement
JavaScript warning: https://ac-hcsa.maps.arcgis.com/apps/opsdashboard/assets/vendor-557b494b34c1b4f592d5f2948d530f35.js, line 2774: unreachable code after return statement
